app/modules/serial-port/android/build/intermediates/manifest_merge_blame_file/debug/processDebugManifest/manifest-merger-blame-debug-report.txt
1<?xml version="1.0" encoding="utf-8"?>
2<manifest xmlns:android="http://schemas.android.com/apk/res/android"
3    package="expo.modules.serialport" >
4
5    <uses-sdk android:minSdkVersion="24" />
6
7    <!-- Declare USB host feature; optional for devices without USB -->
8    <uses-feature
8-->src\main\AndroidManifest.xml:5:5-87
9        android:name="android.hardware.usb.host"
9-->src\main\AndroidManifest.xml:5:19-59
10        android:required="false" />
10-->src\main\AndroidManifest.xml:5:60-84
11
12    <application>
12-->src\main\AndroidManifest.xml:7:5-16:19
13
14        <!-- Receiver to handle USB permission results -->
15        <receiver
15-->src\main\AndroidManifest.xml:9:9-15:20
16            android:name="expo.modules.serialport.UsbPermissionReceiver"
16-->src\main\AndroidManifest.xml:10:13-73
17            android:exported="true" >
17-->src\main\AndroidManifest.xml:11:13-36
18            <intent-filter>
18-->src\main\AndroidManifest.xml:12:13-14:29
19                <action android:name="expo.serialport.USB_PERMISSION" />
19-->src\main\AndroidManifest.xml:13:17-73
19-->src\main\AndroidManifest.xml:13:25-70
20            </intent-filter>
21        </receiver>
22    </application>
23
24</manifest>